speechDemo/build/intermediates/manifest_merge_blame_file/debug/manifest-merger-blame-debug-report.txt
1<?xml version="1.0" encoding="utf-8"?>
2<manifest xmlns:android="http://schemas.android.com/apk/res/android"
3    package="com.iflytek.voicedemo"
4    android:versionCode="1"
5    android:versionName="1.0" >
6
7    <uses-sdk
8        android:minSdkVersion="21"
8-->src\main\AndroidManifest.xml
9        android:targetSdkVersion="34" />
9-->src\main\AndroidManifest.xml
10
11    <uses-permission android:name="android.permission.INTERNET" />
11-->src\main\AndroidManifest.xml:7:5-67
11-->src\main\AndroidManifest.xml:7:22-64
12    <uses-permission android:name="android.permission.RECORD_AUDIO" />
12-->src\main\AndroidManifest.xml:8:5-71
12-->src\main\AndroidManifest.xml:8:22-68
13    <uses-permission android:name="android.permission.CAMERA" />
13-->src\main\AndroidManifest.xml:9:5-65
13-->src\main\AndroidManifest.xml:9:22-62
14    <uses-permission android:name="android.permission.READ_PHONE_STATE" />
14-->src\main\AndroidManifest.xml:10:5-75
14-->src\main\AndroidManifest.xml:10:22-72
15
16    <application
16-->src\main\AndroidManifest.xml:12:5-90:19
17        android:name="com.iflytek.voicedemo.SpeechApp"
17-->src\main\AndroidManifest.xml:14:9-33
18        android:appComponentFactory="androidx.core.app.CoreComponentFactory"
18-->[androidx.core:core:1.5.0] AndroidManifest.xml:24:18-86
19        android:debuggable="true"
20        android:icon="@drawable/icon"
20-->src\main\AndroidManifest.xml:13:9-38
21        android:label="讯飞语音示例"
21-->src\main\AndroidManifest.xml:15:9-31
22        android:testOnly="true" >
23        <provider
23-->src\main\AndroidManifest.xml:16:9-24:20
24            android:name="androidx.core.content.FileProvider"
24-->src\main\AndroidManifest.xml:17:13-62
25            android:authorities="com.iflytek.voicedemo.fileprovider"
25-->src\main\AndroidManifest.xml:18:13-69
26            android:exported="false"
26-->src\main\AndroidManifest.xml:19:13-37
27            android:grantUriPermissions="true" >
27-->src\main\AndroidManifest.xml:20:13-47
28            <meta-data
28-->src\main\AndroidManifest.xml:21:13-23:54
29                android:name="android.support.FILE_PROVIDER_PATHS"
29-->src\main\AndroidManifest.xml:22:17-67
30                android:resource="@xml/file_paths" />
30-->src\main\AndroidManifest.xml:23:17-51
31        </provider>
32
33        <activity
33-->src\main\AndroidManifest.xml:26:9-38:20
34            android:name="com.iflytek.voicedemo.MainActivity"
34-->src\main\AndroidManifest.xml:27:13-62
35            android:configChanges="mcc|mnc|locale|touchscreen|keyboard|keyboardHidden|navigation|orientation|screenLayout|fontScale"
35-->src\main\AndroidManifest.xml:28:13-133
36            android:exported="true"
36-->src\main\AndroidManifest.xml:32:13-36
37            android:icon="@drawable/icon"
37-->src\main\AndroidManifest.xml:29:13-42
38            android:label="讯飞语音示例"
38-->src\main\AndroidManifest.xml:30:13-35
39            android:screenOrientation="portrait" >
39-->src\main\AndroidManifest.xml:31:13-49
40            <intent-filter>
40-->src\main\AndroidManifest.xml:33:13-37:29
41                <action android:name="android.intent.action.MAIN" />
41-->src\main\AndroidManifest.xml:34:17-69
41-->src\main\AndroidManifest.xml:34:25-66
42
43                <category android:name="android.intent.category.LAUNCHER" />
43-->src\main\AndroidManifest.xml:36:17-77
43-->src\main\AndroidManifest.xml:36:27-74
44            </intent-filter>
45        </activity>
46        <activity android:name="com.iflytek.speech.setting.TtsSettings" />
46-->src\main\AndroidManifest.xml:39:9-75
46-->src\main\AndroidManifest.xml:39:19-72
47        <activity android:name="com.iflytek.speech.setting.IatSettings" />
47-->src\main\AndroidManifest.xml:40:9-75
47-->src\main\AndroidManifest.xml:40:19-72
48        <activity
48-->src\main\AndroidManifest.xml:41:9-44:52
49            android:name="com.iflytek.voicedemo.IatDemo"
49-->src\main\AndroidManifest.xml:42:13-57
50            android:configChanges="mcc|mnc|locale|touchscreen|keyboard|keyboardHidden|navigation|orientation|screenLayout|fontScale"
50-->src\main\AndroidManifest.xml:43:13-133
51            android:screenOrientation="portrait" />
51-->src\main\AndroidManifest.xml:44:13-49
52        <activity
52-->src\main\AndroidManifest.xml:45:9-48:52
53            android:name="com.iflytek.voicedemo.AsrDemo"
53-->src\main\AndroidManifest.xml:46:13-57
54            android:configChanges="mcc|mnc|locale|touchscreen|keyboard|keyboardHidden|navigation|orientation|screenLayout|fontScale"
54-->src\main\AndroidManifest.xml:47:13-133
55            android:screenOrientation="portrait" />
55-->src\main\AndroidManifest.xml:48:13-49
56        <activity
56-->src\main\AndroidManifest.xml:49:9-52:52
57            android:name="com.iflytek.voicedemo.TtsDemo"
57-->src\main\AndroidManifest.xml:50:13-57
58            android:configChanges="mcc|mnc|locale|touchscreen|keyboard|keyboardHidden|navigation|orientation|screenLayout|fontScale"
58-->src\main\AndroidManifest.xml:51:13-133
59            android:screenOrientation="portrait" />
59-->src\main\AndroidManifest.xml:52:13-49
60        <activity
60-->src\main\AndroidManifest.xml:53:9-56:52
61            android:name="com.iflytek.voicedemo.IseDemo"
61-->src\main\AndroidManifest.xml:54:13-57
62            android:configChanges="mcc|mnc|locale|touchscreen|keyboard|keyboardHidden|navigation|orientation|screenLayout|fontScale"
62-->src\main\AndroidManifest.xml:55:13-133
63            android:screenOrientation="portrait" />
63-->src\main\AndroidManifest.xml:56:13-49
64        <activity
64-->src\main\AndroidManifest.xml:57:9-60:52
65            android:name="com.iflytek.voicedemo.faceonline.OnlineFaceDemo"
65-->src\main\AndroidManifest.xml:58:13-75
66            android:configChanges="mcc|mnc|locale|touchscreen|keyboard|keyboardHidden|navigation|orientation|screenLayout|fontScale"
66-->src\main\AndroidManifest.xml:59:13-133
67            android:screenOrientation="portrait" />
67-->src\main\AndroidManifest.xml:60:13-49
68        <activity
68-->src\main\AndroidManifest.xml:61:9-64:52
69            android:name="com.iflytek.voicedemo.IdentifyGroup.GroupManagerActivity"
69-->src\main\AndroidManifest.xml:62:13-84
70            android:configChanges="mcc|mnc|locale|touchscreen|keyboard|keyboardHidden|navigation|orientation|screenLayout|fontScale"
70-->src\main\AndroidManifest.xml:63:13-133
71            android:screenOrientation="portrait" />
71-->src\main\AndroidManifest.xml:64:13-49
72        <activity
72-->src\main\AndroidManifest.xml:65:9-68:52
73            android:name="com.iflytek.voicedemo.IdentifyGroup.FaceIdentifyActivity"
73-->src\main\AndroidManifest.xml:66:13-84
74            android:configChanges="mcc|mnc|locale|touchscreen|keyboard|keyboardHidden|navigation|orientation|screenLayout|fontScale"
74-->src\main\AndroidManifest.xml:67:13-133
75            android:screenOrientation="portrait" />
75-->src\main\AndroidManifest.xml:68:13-49
76        <activity
76-->src\main\AndroidManifest.xml:69:9-72:52
77            android:name="com.iflytek.voicedemo.IdentifyGroup.ResultIdentifyActivity"
77-->src\main\AndroidManifest.xml:70:13-86
78            android:configChanges="mcc|mnc|locale|touchscreen|keyboard|keyboardHidden|navigation|orientation|screenLayout|fontScale"
78-->src\main\AndroidManifest.xml:71:13-133
79            android:screenOrientation="portrait" />
79-->src\main\AndroidManifest.xml:72:13-49
80        <activity
80-->src\main\AndroidManifest.xml:73:9-76:52
81            android:name="com.iflytek.speech.setting.IseSettings"
81-->src\main\AndroidManifest.xml:74:13-66
82            android:configChanges="mcc|mnc|locale|touchscreen|keyboard|keyboardHidden|navigation|orientation|screenLayout|fontScale"
82-->src\main\AndroidManifest.xml:75:13-133
83            android:screenOrientation="portrait" />
83-->src\main\AndroidManifest.xml:76:13-49
84        <activity
84-->src\main\AndroidManifest.xml:77:9-80:52
85            android:name="com.iflytek.speech.setting.UrlSettings"
85-->src\main\AndroidManifest.xml:78:13-66
86            android:configChanges="mcc|mnc|locale|touchscreen|keyboard|keyboardHidden|navigation|orientation|screenLayout|fontScale"
86-->src\main\AndroidManifest.xml:79:13-133
87            android:screenOrientation="portrait" />
87-->src\main\AndroidManifest.xml:80:13-49
88        <!-- 移动统计分析 -->
89        <meta-data
89-->src\main\AndroidManifest.xml:82:9-84:42
90            android:name="IFLYTEK_APPKEY"
90-->src\main\AndroidManifest.xml:83:13-42
91            android:value="&apos;5cee406c&apos;" />
91-->src\main\AndroidManifest.xml:84:13-29
92        <meta-data
92-->src\main\AndroidManifest.xml:85:9-87:44
93            android:name="IFLYTEK_CHANNEL"
93-->src\main\AndroidManifest.xml:86:13-43
94            android:value="Android_Demo" />
94-->src\main\AndroidManifest.xml:87:13-41
95    </application>
96
97</manifest>